<?xml version="1.0" encoding="UTF-8"?>
<!-- Generated by org.testng.reporters.JUnitReportReporter -->
<testsuite hostname="LM-MAA-22004665" name="SauseLabs" tests="1" failures="0" timestamp="18 Dec 2017 11:42:06 GMT" time="10.163" errors="0">
  <testcase name="browser" time="10.163" classname="SauseLabs"/>
</testsuite> <!-- SauseLabs -->
